[    0.000000] Linux version 4.15.0-202-generic (buildd@lcy02-amd64-115) (gcc version 7.5.0 (Ubuntu 7.5.0-3ubuntu1~18.04)) #213-Ubuntu SMP Thu Jan 5 19:19:12 UTC 2023 (Ubuntu 4.15.0-202.213-generic 4.15.18)
[    0.000000] Command line: BOOT_IMAGE=/boot/vmlinuz-4.15.0-202-generic root=LABEL=cloudimg-rootfs ro console=tty1 console=ttyS0
[    0.000000] KERNEL supported cpus:
[    0.000000]   Intel GenuineIntel
[    0.000000]   AMD AuthenticAMD
[    0.000000]   Centaur CentaurHauls
[    0.000000] x86/fpu: Supporting XSAVE feature 0x001: 'x87 floating point registers'
[    0.000000] x86/fpu: Supporting XSAVE feature 0x002: 'SSE registers'
[    0.000000] x86/fpu: Supporting XSAVE feature 0x004: 'AVX registers'
[    0.000000] x86/fpu: xstate_offset[2]:  576, xstate_sizes[2]:  256
[    0.000000] x86/fpu: Enabled xstate features 0x7, context size is 832 bytes, using 'standard' format.
[    0.000000] e820: BIOS-provided physical RAM map:
[    0.000000] BIOS-e820: [mem 0x0000000000000000-0x000000000009fbff] usable
[    0.000000] BIOS-e820: [mem 0x000000000009fc00-0x000000000009ffff] reserved
[    0.000000] BIOS-e820: [mem 0x00000000000f0000-0x00000000000fffff] reserved
[    0.000000] BIOS-e820: [mem 0x0000000000100000-0x000000007ffeffff] usable
[    0.000000] BIOS-e820: [mem 0x000000007fff0000-0x000000007fffffff] ACPI data
[    0.000000] BIOS-e820: [mem 0x00000000fec00000-0x00000000fec00fff] reserved
[    0.000000] BIOS-e820: [mem 0x00000000fee00000-0x00000000fee00fff] reserved
[    0.000000] BIOS-e820: [mem 0x00000000fffc0000-0x00000000ffffffff] reserved
[    0.000000] NX (Execute Disable) protection: active
[    0.000000] SMBIOS 2.5 present.
[    0.000000] DMI: innotek GmbH VirtualBox/VirtualBox, BIOS VirtualBox 12/01/2006
[    0.000000] Hypervisor detected: KVM
[    0.000000] e820: last_pfn = 0x7fff0 max_arch_pfn = 0x400000000
[    0.000000] MTRR: Disabled
[    0.000000] x86/PAT: MTRRs disabled, skipping PAT initialization too.
[    0.000000] CPU MTRRs all blank - virtualized system.
[    0.000000] x86/PAT: Configuration [0-7]: WB  WT  UC- UC  WB  WT  UC- UC  
[    0.000000] found SMP MP-table at [mem 0x0009fff0-0x0009ffff]
[    0.000000] Scanning 1 areas for low memory corruption
[    0.000000] RAMDISK: [mem 0x359cb000-0x36cdcfff]
[    0.000000] ACPI: Early table checksum verification disabled
[    0.000000] ACPI: RSDP 0x00000000000E0000 000024 (v02 VBOX  )
[    0.000000] ACPI: XSDT 0x000000007FFF0030 00003C (v01 VBOX   VBOXXSDT 00000001 ASL  00000061)
[    0.000000] ACPI: FACP 0x000000007FFF00F0 0000F4 (v04 VBOX   VBOXFACP 00000001 ASL  00000061)
[    0.000000] ACPI: DSDT 0x000000007FFF0610 002353 (v02 VBOX   VBOXBIOS 00000002 INTL 20100528)
[    0.000000] ACPI: FACS 0x000000007FFF0200 000040
[    0.000000] ACPI: FACS 0x000000007FFF0200 000040
[    0.000000] ACPI: APIC 0x000000007FFF0240 00005C (v02 VBOX   VBOXAPIC 00000001 ASL  00000061)
[    0.000000] ACPI: SSDT 0x000000007FFF02A0 00036C (v01 VBOX   VBOXCPUT 00000002 INTL 20100528)
[    0.000000] ACPI: Reserving FACP table memory at [mem 0x7fff00f0-0x7fff01e3]
[    0.000000] ACPI: Reserving DSDT table memory at [mem 0x7fff0610-0x7fff2962]
[    0.000000] ACPI: Reserving FACS table memory at [mem 0x7fff0200-0x7fff023f]
[    0.000000] ACPI: Reserving FACS table memory at [mem 0x7fff0200-0x7fff023f]
[    0.000000] ACPI: Reserving APIC table memory at [mem 0x7fff0240-0x7fff029b]
[    0.000000] ACPI: Reserving SSDT table memory at [mem 0x7fff02a0-0x7fff060b]
[    0.000000] No NUMA configuration found
[    0.000000] Faking a node at [mem 0x0000000000000000-0x000000007ffeffff]
[    0.000000] NODE_DATA(0) allocated [mem 0x7ffc5000-0x7ffeffff]
[    0.000000] kvm-clock: cpu 0, msr 0:7ff44001, primary cpu clock
[    0.000000] kvm-clock: Using msrs 4b564d01 and 4b564d00
[    0.000000] kvm-clock: using sched offset of 3339255432 cycles
[    0.000000] clocksource: kvm-clock: mask: 0xffffffffffffffff max_cycles: 0x1cd42e4dffb, max_idle_ns: 881590591483 ns
[    0.000000] Zone ranges:
[    0.000000]   DMA      [mem 0x0000000000001000-0x0000000000ffffff]
[    0.000000]   DMA32    [mem 0x0000000001000000-0x000000007ffeffff]
[    0.000000]   Normal   empty
[    0.000000]   Device   empty
[    0.000000] Movable zone start for each node
[    0.000000] Early memory node ranges
[    0.000000]   node   0: [mem 0x0000000000001000-0x000000000009efff]
[    0.000000]   node   0: [mem 0x0000000000100000-0x000000007ffeffff]
[    0.000000] Reserved but unavailable: 104 pages
[    0.000000] Initmem setup node 0 [mem 0x0000000000001000-0x000000007ffeffff]
[    0.000000] ACPI: PM-Timer IO Port: 0x4008
[    0.000000] IOAPIC[0]: apic_id 2, version 32, address 0xfec00000, GSI 0-23
[    0.000000] ACPI: INT_SRC_OVR (bus 0 bus_irq 0 global_irq 2 dfl dfl)
[    0.000000] ACPI: INT_SRC_OVR (bus 0 bus_irq 9 global_irq 9 low level)
[    0.000000] Using ACPI (MADT) for SMP configuration information
[    0.000000] smpboot: Allowing 2 CPUs, 0 hotplug CPUs
[    0.000000] PM: Registered nosave memory: [mem 0x00000000-0x00000fff]
[    0.000000] PM: Registered nosave memory: [mem 0x0009f000-0x0009ffff]
[    0.000000] PM: Registered nosave memory: [mem 0x000a0000-0x000effff]
[    0.000000] PM: Registered nosave memory: [mem 0x000f0000-0x000fffff]
[    0.000000] e820: [mem 0x80000000-0xfebfffff] available for PCI devices
[    0.000000] Booting paravirtualized kernel on KVM
[    0.000000] clocksource: refined-jiffies: mask: 0xffffffff max_cycles: 0xffffffff, max_idle_ns: 7645519600211568 ns
[    0.000000] setup_percpu: NR_CPUS:8192 nr_cpumask_bits:2 nr_cpu_ids:2 nr_node_ids:1
[    0.000000] percpu: Embedded 50 pages/cpu s167936 r8192 d28672 u1048576
[    0.000000] PV qspinlock hash table entries: 256 (order: 0, 4096 bytes)
[    0.000000] Built 1 zonelists, mobility grouping on.  Total pages: 515961
[    0.000000] Policy zone: DMA32
[    0.000000] Kernel command line: BOOT_IMAGE=/boot/vmlinuz-4.15.0-202-generic root=LABEL=cloudimg-rootfs ro console=tty1 console=ttyS0
[    0.000000] Memory: 2014844K/2096696K available (12300K kernel code, 2477K rwdata, 4320K rodata, 2472K init, 2720K bss, 81852K reserved, 0K cma-reserved)
[    0.000000] SLUB: HWalign=64, Order=0-3, MinObjects=0, CPUs=2, Nodes=1
[    0.000000] ftrace: allocating 39478 entries in 155 pages
[    0.004000] Hierarchical RCU implementation.
[    0.004000] 	RCU restricting CPUs from NR_CPUS=8192 to nr_cpu_ids=2.
[    0.004000] 	Tasks RCU enabled.
[    0.004000] RCU: Adjusting geometry for rcu_fanout_leaf=16, nr_cpu_ids=2
[    0.004000] NR_IRQS: 524544, nr_irqs: 440, preallocated irqs: 16
[    0.004000] random: crng init done
[    0.004000] Console: colour VGA+ 80x25
[    0.004000] console [tty1] enabled
[    0.004000] console [ttyS0] enabled
[    0.004000] ACPI: Core revision 20170831
[    0.004000] ACPI: 2 ACPI AML tables successfully acquired and loaded
[    0.004000] APIC: Switch to symmetric I/O mode setup
[    0.004000] x2apic enabled
[    0.004000] Switched APIC routing to physical x2apic.
[    0.004000] ..TIMER: vector=0x30 apic1=0 pin1=2 apic2=-1 pin2=-1
[    0.004000] tsc: Detected 2688.002 MHz processor
[    0.004000] Calibrating delay loop (skipped) preset value.. 5376.00 BogoMIPS (lpj=10752008)
[    0.004004] pid_max: default: 32768 minimum: 301
[    0.004564] Security Framework initialized
[    0.005064] Yama: becoming mindful.
[    0.005504] AppArmor: AppArmor initialized
[    0.012338] Dentry cache hash table entries: 262144 (order: 9, 2097152 bytes)
[    0.020049] Inode-cache hash table entries: 131072 (order: 8, 1048576 bytes)
[    0.024024] Mount-cache hash table entries: 4096 (order: 3, 32768 bytes)
[    0.024768] Mountpoint-cache hash table entries: 4096 (order: 3, 32768 bytes)
[    0.025740] Last level iTLB entries: 4KB 0, 2MB 0, 4MB 0
[    0.028001] Last level dTLB entries: 4KB 0, 2MB 0, 4MB 0, 1GB 0
[    0.028622] Spectre V1 : Mitigation: usercopy/swapgs barriers and __user pointer sanitization
[    0.029642] Spectre V2 : Mitigation: Retpolines
[    0.030472] Spectre V2 : Spectre v2 / SpectreRSB mitigation: Filling RSB on context switch
[    0.032002] Speculative Store Bypass: Vulnerable
[    0.032867] Freeing SMP alternatives memory: 36K
[    0.144411] smpboot: CPU0: 11th Gen Intel(R) Core(TM) i5-11400H @ 2.70GHz (family: 0x6, model: 0x8d, stepping: 0x1)
[    0.148219] Performance Events: unsupported p6 CPU model 141 no PMU driver, software events only.
[    0.152102] Hierarchical SRCU implementation.
[    0.157564] NMI watchdog: Perf event create on CPU 0 failed with -2
[    0.159961] NMI watchdog: Perf NMI watchdog permanently disabled
[    0.160095] smp: Bringing up secondary CPUs ...
[    0.161740] x86: Booting SMP configuration:
[    0.164004] .... node  #0, CPUs:      #1
[    0.004000] kvm-clock: cpu 1, msr 0:7ff44041, secondary cpu clock
[    0.168016] smp: Brought up 1 node, 2 CPUs
[    0.168468] smpboot: Max logical packages: 1
[    0.169000] smpboot: Total of 2 processors activated (10752.00 BogoMIPS)
[    0.169856] devtmpfs: initialized
[    0.169856] x86/mm: Memory block size: 128MB
[    0.169856] evm: security.selinux
[    0.172003] evm: security.SMACK64
[    0.172468] evm: security.SMACK64EXEC
[    0.172951] evm: security.SMACK64TRANSMUTE
[    0.173477] evm: security.SMACK64MMAP
[    0.173921] evm: security.apparmor
[    0.174378] evm: security.ima
[    0.174737] evm: security.capability
[    0.175190] clocksource: jiffies: mask: 0xffffffff max_cycles: 0xffffffff, max_idle_ns: 7645041785100000 ns
[    0.176005] futex hash table entries: 512 (order: 3, 32768 bytes)
[    0.176743] pinctrl core: initialized pinctrl subsystem
[    0.177418] RTC time: 12:09:12, date: 02/01/23
[    0.178084] NET: Registered protocol family 16
[    0.178658] audit: initializing netlink subsys (disabled)
[    0.180007] audit: type=2000 audit(1675253357.808:1): state=initialized audit_enabled=0 res=1
[    0.180098] cpuidle: using governor ladder
[    0.180563] cpuidle: using governor menu
[    0.181050] ACPI: bus type PCI registered
[    0.181574] acpiphp: ACPI Hot Plug PCI Controller Driver version: 0.5
[    0.182392] PCI: Using configuration type 1 for base access
[    0.184620] HugeTLB registered 2.00 MiB page size, pre-allocated 0 pages
[    0.196081] ACPI: Added _OSI(Module Device)
[    0.196684] ACPI: Added _OSI(Processor Device)
[    0.200002] ACPI: Added _OSI(3.0 _SCP Extensions)
[    0.200621] ACPI: Added _OSI(Processor Aggregator Device)
[    0.201304] ACPI: Added _OSI(Linux-Dell-Video)
[    0.201881] ACPI: Added _OSI(Linux-Lenovo-NV-HDMI-Audio)
[    0.202560] ACPI: Added _OSI(Linux-HPI-Hybrid-Graphics)
[    0.203433] ACPI: Executed 1 blocks of module-level executable AML code
[    0.206040] ACPI: Interpreter enabled
[    0.206539] ACPI: (supports S0 S5)
[    0.206959] ACPI: Using IOAPIC for interrupt routing
[    0.207690] PCI: Using host bridge windows from ACPI; if necessary, use "pci=nocrs" and report a bug
[    0.208114] ACPI: Enabled 2 GPEs in block 00 to 07
[    0.213877] ACPI: PCI Root Bridge [PCI0] (domain 0000 [bus 00-ff])
[    0.214570] acpi PNP0A03:00: _OSC: OS supports [ASPM ClockPM Segments MSI]
[    0.215654] acpi PNP0A03:00: _OSC: not requesting OS control; OS requires [ExtendedConfig ASPM ClockPM MSI]
[    0.216007] acpi PNP0A03:00: fail to add MMCONFIG information, can't access extended PCI configuration space under this bridge.
[    0.217455] PCI host bridge to bus 0000:00
[    0.217945] pci_bus 0000:00: root bus resource [io  0x0000-0x0cf7 window]
[    0.218723] pci_bus 0000:00: root bus resource [io  0x0d00-0xffff window]
[    0.219461] pci_bus 0000:00: root bus resource [mem 0x000a0000-0x000bffff window]
[    0.220004] pci_bus 0000:00: root bus resource [mem 0x80000000-0xfdffffff window]
[    0.220968] pci_bus 0000:00: root bus resource [bus 00-ff]
[    0.224666] pci 0000:00:01.1: legacy IDE quirk: reg 0x10: [io  0x01f0-0x01f7]
[    0.225745] pci 0000:00:01.1: legacy IDE quirk: reg 0x14: [io  0x03f6]
[    0.226444] pci 0000:00:01.1: legacy IDE quirk: reg 0x18: [io  0x0170-0x0177]
[    0.227171] pci 0000:00:01.1: legacy IDE quirk: reg 0x1c: [io  0x0376]
[    0.240641] pci 0000:00:07.0: quirk: [io  0x4000-0x403f] claimed by PIIX4 ACPI
[    0.241554] pci 0000:00:07.0: quirk: [io  0x4100-0x410f] claimed by PIIX4 SMB
[    0.254756] ACPI: PCI Interrupt Link [LNKA] (IRQs 5 9 10 *11)
[    0.256048] ACPI: PCI Interrupt Link [LNKB] (IRQs 5 9 *10 11)
[    0.257014] ACPI: PCI Interrupt Link [LNKC] (IRQs 5 *9 10 11)
[    0.258084] ACPI: PCI Interrupt Link [LNKD] (IRQs 5 9 10 *11)
[    0.259405] SCSI subsystem initialized
[    0.260044] pci 0000:00:02.0: vgaarb: setting as boot VGA device
[    0.260995] pci 0000:00:02.0: vgaarb: VGA device added: decodes=io+mem,owns=io+mem,locks=none
[    0.262740] pci 0000:00:02.0: vgaarb: bridge control possible
[    0.264005] vgaarb: loaded
[    0.264578] ACPI: bus type USB registered
[    0.265484] usbcore: registered new interface driver usbfs
[    0.266322] usbcore: registered new interface driver hub
[    0.267559] usbcore: registered new device driver usb
[    0.268041] EDAC MC: Ver: 3.0.0
[    0.268803] PCI: Using ACPI for IRQ routing
[    0.269101] NetLabel: Initializing
[    0.272006] NetLabel:  domain hash size = 128
[    0.272843] NetLabel:  protocols = UNLABELED CIPSOv4 CALIPSO
[    0.273875] NetLabel:  unlabeled traffic allowed by default
[    0.274882] clocksource: Switched to clocksource kvm-clock
[    0.300113] VFS: Disk quotas dquot_6.6.0
[    0.300691] VFS: Dquot-cache hash table entries: 512 (order 0, 4096 bytes)
[    0.301610] AppArmor: AppArmor Filesystem Enabled
[    0.302149] pnp: PnP ACPI init
[    0.303124] pnp: PnP ACPI: found 3 devices
[    0.312048] clocksource: acpi_pm: mask: 0xffffff max_cycles: 0xffffff, max_idle_ns: 2085701024 ns
[    0.313060] NET: Registered protocol family 2
[    0.313620] IP idents hash table entries: 32768 (order: 6, 262144 bytes)
[    0.314615] TCP established hash table entries: 16384 (order: 5, 131072 bytes)
[    0.319989] TCP bind hash table entries: 16384 (order: 6, 262144 bytes)
[    0.321002] TCP: Hash tables configured (established 16384 bind 16384)
[    0.321765] UDP hash table entries: 1024 (order: 3, 32768 bytes)
[    0.322488] UDP-Lite hash table entries: 1024 (order: 3, 32768 bytes)
[    0.323235] NET: Registered protocol family 1
[    0.323728] pci 0000:00:00.0: Limiting direct PCI/PCI transfers
[    0.324554] pci 0000:00:01.0: Activating ISA DMA hang workarounds
[    0.325359] pci 0000:00:02.0: Video device with shadowed ROM at [mem 0x000c0000-0x000dffff]
[    0.326418] Unpacking initramfs...
[    0.655860] Freeing initrd memory: 19528K
[    0.656510] clocksource: tsc: mask: 0xffffffffffffffff max_cycles: 0x26bef84d9ca, max_idle_ns: 440795214994 ns
[    0.657746] platform rtc_cmos: registered platform RTC device (no PNP device found)
[    0.663550] Scanning for low memory corruption every 60 seconds
[    0.665016] Initialise system trusted keyrings
[    0.665577] Key type blacklist registered
[    0.666105] workingset: timestamp_bits=36 max_order=19 bucket_order=0
[    0.667443] zbud: loaded
[    0.668189] squashfs: version 4.0 (2009/01/31) Phillip Lougher
[    0.668919] fuse init (API version 7.26)
[    0.670558] Key type asymmetric registered
[    0.671143] Asymmetric key parser 'x509' registered
[    0.671729] Block layer SCSI generic (bsg) driver version 0.4 loaded (major 246)
[    0.672762] io scheduler noop registered
[    0.673240] io scheduler deadline registered
[    0.673757] io scheduler cfq registered (default)
[    0.674644] ACPI: AC Adapter [AC] (off-line)
[    0.675309] input: Power Button as /devices/LNXSYSTM:00/LNXPWRBN:00/input/input0
[    0.676299] ACPI: Power Button [PWRF]
[    0.676809] input: Sleep Button as /devices/LNXSYSTM:00/LNXSLPBN:00/input/input1
[    0.677655] ACPI: Sleep Button [SLPF]
[    0.678304] Serial: 8250/16550 driver, 32 ports, IRQ sharing enabled
[    0.679193] ACPI: Battery Slot [BAT0] (battery present)
[    0.700676] 00:02: ttyS0 at I/O 0x3f8 (irq = 4, base_baud = 115200) is a 16550A
[    0.702904] Linux agpgart interface v0.103
[    0.704282] loop: module loaded
[    0.705092] scsi host0: ata_piix
[    0.705600] scsi host1: ata_piix
[    0.706219] ata1: PATA max UDMA/33 cmd 0x1f0 ctl 0x3f6 bmdma 0xd000 irq 14
[    0.707010] ata2: PATA max UDMA/33 cmd 0x170 ctl 0x376 bmdma 0xd008 irq 15
[    0.708171] tun: Universal TUN/TAP device driver, 1.6
[    0.709030] PPP generic driver version 2.4.2
[    0.709539] ehci_hcd: USB 2.0 'Enhanced' Host Controller (EHCI) Driver
[    0.710302] ehci-pci: EHCI PCI platform driver
[    0.710779] ehci-platform: EHCI generic platform driver
[    0.711317] ohci_hcd: USB 1.1 'Open' Host Controller (OHCI) Driver
[    0.711993] ohci-pci: OHCI PCI platform driver
[    0.712484] ohci-platform: OHCI generic platform driver
[    0.713081] uhci_hcd: USB Universal Host Controller Interface driver
[    0.714003] i8042: PNP: PS/2 Controller [PNP0303:PS2K,PNP0f03:PS2M] at 0x60,0x64 irq 1,12
[    0.715368] serio: i8042 KBD port at 0x60,0x64 irq 1
[    0.715954] serio: i8042 AUX port at 0x60,0x64 irq 12
[    0.716611] mousedev: PS/2 mouse device common for all mice
[    0.717413] input: AT Translated Set 2 keyboard as /devices/platform/i8042/serio0/input/input2
[    0.718938] rtc_cmos rtc_cmos: rtc core: registered rtc_cmos as rtc0
[    0.719769] rtc_cmos rtc_cmos: alarms up to one day, 114 bytes nvram
[    0.720590] i2c /dev entries driver
[    0.721035] device-mapper: uevent: version 1.0.3
[    0.721570] device-mapper: ioctl: 4.37.0-ioctl (2017-09-20) initialised: dm-devel@redhat.com
[    0.722512] ledtrig-cpu: registered to indicate activity on CPUs
[    0.723560] NET: Registered protocol family 10
[    0.726366] Segment Routing with IPv6
[    0.726851] NET: Registered protocol family 17
[    0.727426] Key type dns_resolver registered
[    0.727964] mce: Using 0 MCE banks
[    0.728422] RAS: Correctable Errors collector initialized.
[    0.729020] sched_clock: Marking stable (728405753, 0)->(894159403, -165753650)
[    0.730024] registered taskstats version 1
[    0.730543] Loading compiled-in X.509 certificates
[    0.732344] Loaded X.509 cert 'Build time autogenerated kernel key: f114f3958ed3c37ba1924ca66ae8368f3c35b0e4'
[    0.733804] Loaded X.509 cert 'Canonical Ltd. Live Patch Signing: 14df34d1a87cf37625abec039ef2bf521249b969'
[    0.735204] Loaded X.509 cert 'Canonical Ltd. Kernel Module Signing: 88f752e560a1e0737e31163a466ad7b70a850c19'
[    0.736277] blacklist: Loading compiled-in revocation X.509 certificates
[    0.736990] Loaded X.509 cert 'Canonical Ltd. Secure Boot Signing: 61482aa2830d0ab2ad5af10b7250da9033ddcef0'
[    0.738093] zswap: loaded using pool lzo/zbud
[    0.741651] Key type big_key registered
[    0.742488] Key type trusted registered
[    0.744518] Key type encrypted registered
[    0.745048] AppArmor: AppArmor sha1 policy hashing enabled
[    0.745632] ima: No TPM chip found, activating TPM-bypass! (rc=-19)
[    0.746346] ima: Allocated hash algorithm: sha1
[    0.746859] evm: HMAC attrs: 0x1
[    0.747623]   Magic number: 11:935:176
[    0.748233] rtc_cmos rtc_cmos: setting system clock to 2023-02-01 12:09:13 UTC (1675253353)
[    0.749302] BIOS EDD facility v0.16 2004-Jun-25, 0 devices found
[    0.750008] EDD information not available.
[    0.893099] Freeing unused kernel image memory: 2472K
[    0.904311] Write protecting the kernel read-only data: 20480k
[    0.907251] Freeing unused kernel image memory: 2008K
[    0.908493] Freeing unused kernel image memory: 1824K
[    0.913981] x86/mm: Checked W+X mappings: passed, no W+X pages found.
Loading, please wait...
starting version 237
[    0.977148] e1000: Intel(R) PRO/1000 Network Driver - version 7.3.21-k8-NAPI
[    0.978172] e1000: Copyright (c) 1999-2006 Intel Corporation.
[    0.980731] Fusion MPT base driver 3.04.20
[    0.981324] Copyright (c) 1999-2008 LSI Corporation
[    0.986930] Fusion MPT SPI Host driver 3.04.20
[    1.003191] mptbase: ioc0: Initiating bringup
[    1.005483] AVX2 version of gcm_enc/dec engaged.
[    1.006212] AES CTR mode by8 optimization enabled
[    1.116538] ioc0: LSI53C1030 A0: Capabilities={Initiator}
[    1.192154] input: ImExPS/2 Generic Explorer Mouse as /devices/platform/i8042/serio1/input/input4
[    1.360420] scsi host2: ioc0: LSI53C1030 A0, FwRev=00000000h, Ports=1, MaxQ=256, IRQ=20
[    1.533414] scsi 2:0:0:0: Direct-Access     VBOX     HARDDISK         1.0  PQ: 0 ANSI: 5
[    1.568904] scsi target2:0:0: Beginning Domain Validation
[    1.573832] scsi target2:0:0: Domain Validation skipping write tests
[    1.577781] scsi target2:0:0: Ending Domain Validation
[    1.579670] scsi target2:0:0: asynchronous
[    1.581989] scsi 2:0:1:0: Direct-Access     VBOX     HARDDISK         1.0  PQ: 0 ANSI: 5
[    1.832066] scsi target2:0:1: Beginning Domain Validation
[    1.834787] scsi target2:0:1: Domain Validation skipping write tests
[    1.837283] scsi target2:0:1: Ending Domain Validation
[    1.839300] scsi target2:0:1: asynchronous
[    1.843202] sd 2:0:0:0: Attached scsi generic sg0 type 0
[    1.844131] sd 2:0:1:0: Attached scsi generic sg1 type 0
[    1.845044] sd 2:0:0:0: [sda] 83886080 512-byte logical blocks: (42.9 GB/40.0 GiB)
[    1.846032] sd 2:0:0:0: [sda] Write Protect is off
[    1.846748] sd 2:0:0:0: [sda] Incomplete mode parameter data
[    1.847794] sd 2:0:0:0: [sda] Assuming drive cache: write through
[    1.848452] sd 2:0:1:0: [sdb] 20480 512-byte logical blocks: (10.5 MB/10.0 MiB)
[    1.851150] sd 2:0:1:0: [sdb] Write Protect is off
[    1.851946] sd 2:0:1:0: [sdb] Incomplete mode parameter data
[    1.853306] sd 2:0:1:0: [sdb] Assuming drive cache: write through
[    1.856508]  sda: sda1
[    1.858359] sd 2:0:0:0: [sda] Attached SCSI disk
[    1.858658] sd 2:0:1:0: [sdb] Attached SCSI disk
[    1.907995] e1000 0000:00:03.0 eth0: (PCI:33MHz:32-bit) 02:b0:55:75:d1:60
[    1.908948] e1000 0000:00:03.0 eth0: Intel(R) PRO/1000 Network Connection
[    2.270509] e1000 0000:00:08.0 eth1: (PCI:33MHz:32-bit) 08:00:27:c2:3e:24
[    2.271491] e1000 0000:00:08.0 eth1: Intel(R) PRO/1000 Network Connection
[    2.646876] e1000 0000:00:09.0 eth2: (PCI:33MHz:32-bit) 08:00:27:10:28:63
[    2.649411] e1000 0000:00:09.0 eth2: Intel(R) PRO/1000 Network Connection
[    2.654129] e1000 0000:00:09.0 enp0s9: renamed from eth2
[    2.712670] e1000 0000:00:08.0 enp0s8: renamed from eth1
[    2.764931] e1000 0000:00:03.0 enp0s3: renamed from eth0
Begin: Loading essential drivers ... [    4.188124] raid6: sse2x1   gen() 13770 MB/s
[    4.243857] raid6: sse2x1   xor()  8579 MB/s
[    4.296565] raid6: sse2x2   gen() 25280 MB/s
[    4.347839] raid6: sse2x2   xor() 17484 MB/s
[    4.396045] raid6: sse2x4   gen() 24822 MB/s
[    4.447081] raid6: sse2x4   xor() 14470 MB/s
[    4.502298] raid6: avx2x1   gen() 41081 MB/s
[    4.548084] raid6: avx2x1   xor() 20942 MB/s
[    4.604286] raid6: avx2x2   gen() 52745 MB/s
[    4.652617] raid6: avx2x2   xor() 29975 MB/s
[    4.700032] raid6: avx2x4   gen() 40855 MB/s
[    4.748102] raid6: avx2x4   xor() 22306 MB/s
[    4.748808] raid6: using algorithm avx2x2 gen() 52745 MB/s
[    4.749501] raid6: .... xor() 29975 MB/s, rmw enabled
[    4.750146] raid6: using avx2x2 recovery algorithm
[    4.751564] xor: automatically using best checksumming function   avx       
[    4.753251] async_tx: api initialized (async)
done.
Begin: Running /scripts/init-premount ... done.
Begin: Mounting root file system ... Begin: Running /scripts/local-top ... done.
Begin: Running /scripts/local-premount ... [    4.782011] Btrfs loaded, crc32c=crc32c-intel
Scanning for Btrfs filesystems
done.
Warning: fsck not present, so skipping root file system
[    4.801105] EXT4-fs (sda1): mounted filesystem with ordered data mode. Opts: (null)
done.
Begin: Running /scripts/local-bottom ... done.
Begin: Running /scripts/init-bottom ... done.
[    4.941135] ip_tables: (C) 2000-2006 Netfilter Core Team
[    4.946993] systemd[1]: systemd 237 running in system mode. (+PAM +AUDIT +SELINUX +IMA +APPARMOR +SMACK +SYSVINIT +UTMP +LIBCRYPTSETUP +GCRYPT +GNUTLS +ACL +XZ +LZ4 +SECCOMP +BLKID +ELFUTILS +KMOD -IDN2 +IDN -PCRE2 default-hierarchy=hybrid)
[    4.949552] systemd[1]: Detected virtualization oracle.
[    4.950221] systemd[1]: Detected architecture x86-64.

Welcome to [1mUbuntu 18.04.6 LTS[0m!

[    4.954189] systemd[1]: Set hostname to <master>.
[    5.211269] systemd[1]: Reached target User and Group Name Lookups.
[[0;32m  OK  [0m] Reached target User and Group Name Lookups.
[    5.214543] systemd[1]: Created slice User and Session Slice.
[[0;32m  OK  [0m] Created slice User and Session Slice.
[    5.215955] systemd[1]: Reached target System Time Synchronized.
[[0;32m  OK  [0m] Reached target System Time Synchronized.
[    5.217708] systemd[1]: Reached target Swap.
[[0;32m  OK  [0m] Reached target Swap.
[    5.219155] systemd[1]: Created slice System Slice.
[[0;32m  OK  [0m] Created slice System Slice.
[    5.220441] systemd[1]: Listening on Journal Audit Socket.
[[0;32m  OK  [0m] Listening on Journal Audit Socket.
[[0;32m  OK  [0m] Reached target Slices.
[[0;32m  OK  [0m] Listening on Syslog Socket.
[[0;32m  OK  [0m] Listening on Network Service Netlink Socket.
[[0;32m  OK  [0m] Listening on Device-mapper event daemon FIFOs.
[[0;32m  OK  [0m] Listening on fsck to fsckd communication Socket.
[[0;32m  OK  [0m] Listening on udev Control Socket.
[[0;32m  OK  [0m] Set up automount Arbitrary Executab…rmats File System Automount Point.
[[0;32m  OK  [0m] Listening on Journal Socket.
         Starting File System Check on Root Device...
         Starting Load Kernel Modules...
         Starting Set the console keyboard layout...
         Mounting Huge Pages File System...
         Starting Uncomplicated firewall...
         Mounting POSIX Message Queue File System...
[[0;32m  OK  [0m] Reached target Mounting snaps.
[[0;32m  OK  [0m] Listening on Journal Socket (/dev/log).
         Starting Journal Service...
[[0;32m  OK  [0m] Listening on LVM2 metadata daemon socket.
         Starting Monitoring of LVM2 mirrors…ng dmeventd or progress polling...
[[0;32m  OK  [0m] Listening on /dev/initctl Compatibility Named Pipe.
[[0;32m  OK  [0m] Reached target Mounted snaps.
         Starting Create list of required st…ce nodes for the current kernel...
[[0;32m  OK  [0m] Started Forward Password Requests to Wall Directory Watch.
[    5.254552] Loading iSCSI transport class v2.0-870.
[[0;32m  OK  [0m] Created slice system-serial\x2dgetty.slice.
[[0;32m  OK  [0m] Listening on udev Kernel Socket.
         Starting udev Coldplug all Devices...
         Mounting Kernel Debug File System...
[[0;32m  OK  [0m] Listening on LVM2 poll daemon socket.
[[0;32m  OK  [0m] Started File System Check Daemon to report status.
[    5.263904] iscsi: registered transport (tcp)
[[0;32m  OK  [0m] Started udev Coldplug all Devices.
[[0;32m  OK  [0m] Mounted Huge Pages File System.
[[0;32m  OK  [0m] Mounted POSIX Message Queue File System.
[[0;32m  OK  [0m] Started Uncomplicated firewall.
[[0;32m  OK  [0m] Mounted Kernel Debug File System.
[[0;32m  OK  [0m] Started Create list of required sta…vice nodes for the current kernel.
         Starting Create Static Device Nodes in /dev...
[[0;32m  OK  [0m] Started Journal Service.
[[0;32m  OK  [0m] Started LVM2 metadata daemon.
[    5.360171] iscsi: registered transport (iser)
[[0;32m  OK  [0m] Started Load Kernel Modules.
         Mounting FUSE Control File System...
         Starting Apply Kernel Variables...
         Mounting Kernel Configuration File System...
[[0;32m  OK  [0m] Mounted FUSE Control File System.
[[0;32m  OK  [0m] Mounted Kernel Configuration File System.
[[0;32m  OK  [0m] Started File System Check on Root Device.
         Starting Remount Root and Kernel File Systems...
[[0;32m  OK  [0m] Started Create Static Device Nodes in /dev.
[[0;32m  OK  [0m] Started Apply Kernel Variables.
[[0;32m  OK  [0m] Started Monitoring of LVM2 mirrors,…sing dmeventd or progress polling.
[[0;32m  OK  [0m] Started Remount Root and Kernel File Systems.
         Starting Flush Journal to Persistent Storage...
         Starting udev Kernel Device Manager...
         Starting Load/Save Random Seed...
[[0;32m  OK  [0m] Started Set the console keyboard layout.
[[0;32m  OK  [0m] Started Load/Save Random Seed.
[[0;32m  OK  [0m] Reached target Local File Systems (Pre).
[[0;32m  OK  [0m] Reached target Local File Systems.
         Starting AppArmor initialization...
         Starting Tell Plymouth To Write Out Runtime Data...
         Starting ebtables ruleset management...
         Starting Set console font and keymap...
[[0;32m  OK  [0m] Started udev Kernel Device Manager.
[[0;32m  OK  [0m] Started Dispatch Password Requests to Console Directory Watch.
[[0;32m  OK  [0m] Reached target Local Encrypted Volumes.
[[0;32m  OK  [0m] Started Tell Plymouth To Write Out Runtime Data.
[[0;32m  OK  [0m] Started Set console font and keymap.
[[0;32m  OK  [0m] Started Flush Journal to Persistent Storage.
         Starting Create Volatile Files and Directories...
[[0;32m  OK  [0m] Started Create Volatile Files and Directories.
         Starting Update UTMP about System Boot/Shutdown...
[[0;32m  OK  [0m] Started Update UTMP about System Boot/Shutdown.
[[0;32m  OK  [0m] Started ebtables ruleset management.
[[0;32m  OK  [0m] Found device /dev/ttyS0.
[[0;32m  OK  [0m] Listening on Load/Save RF Kill Switch Status /dev/rfkill Watch.
[[0;32m  OK  [0m] Started AppArmor initialization.
         Starting Load AppArmor profiles managed internally by snapd...
         Starting Initial cloud-init job (pre-networking)...
         Mounting Arbitrary Executable File Formats File System...
[[0;32m  OK  [0m] Mounted Arbitrary Executable File Formats File System.
[[0;32m  OK  [0m] Started Load AppArmor profiles managed internally by snapd.
[    6.369782] cloud-init[573]: Traceback (most recent call last):
[[0;1;31mFAILED[0m] Failed to start Initial cloud-init job (pre-networking).
See 'systemctl status cloud-init-local.service' for details.[    6.395036] 
cloud-init[573]:   File "/usr/bin/cloud-init", line 6, in <module>
[    6.396939] cloud-init[573]:     from pkg_resources import load_entry_point
[    6.397641] cloud-init[573]:   File "/usr/lib/python3/dist-packages/pkg_resources/__init__.py", line 77, in <module>
[    6.408826] cloud-init[573]:     __import__('pkg_resources.extern.packaging.requirements')
[    6.409641] cloud-init[573]:   File "/usr/lib/python3/dist-packages/pkg_resources/_vendor/packaging/requirements.py", line 9, in <module>
[    6.411761] cloud-init[573]:     from pkg_resources.extern.pyparsing import stringStart, stringEnd, originalTextFor, ParseException
[    6.411825] cloud-init[573]:   File "<frozen importlib._bootstrap>", line 1027, in _find_and_load
[    6.412563] cloud-init[573]:   File "<frozen importlib._bootstrap>", line 1006, in _find_and_load_unlocked
[    6.413060] cloud-init[573]:   File "<frozen importlib._bootstrap>", line 672, in _load_unlocked
[    6.413601] cloud-init[573]:   File "<frozen importlib._bootstrap>", line 632, in _load_backward_compatible
[    6.414151] cloud-init[573]:   File "/usr/lib/python3/dist-packages/pkg_resources/extern/__init__.py", line 43, in load_module
[    6.414548] cloud-init[573]:     __import__(extant)
[    6.415026] cloud-init[573]:   File "/usr/lib/python3/dist-packages/pkg_resources/_vendor/pyparsing.py", line 943, in <module>
[    6.415358] cloud-init[573]:     collections.MutableMapping.register(ParseResults)
[    6.415681] cloud-init[573]: AttributeError: module 'collections' has no attribute 'MutableMapping'
[[0;32m  OK  [0m] Reached target Network (Pre).
         Starting Network Service...
[[0;32m  OK  [0m] Started Network Service.
         Starting Wait for Network to be Configured...
         Starting Network Name Resolution...
[[0;32m  OK  [0m] Started Network Name Resolution.
[[0;32m  OK  [0m] Reached target Network.
[[0;32m  OK  [0m] Reached target Host and Network Name Lookups.
[[0;32m  OK  [0m] Started Wait for Network to be Configured.
         Starting Initial cloud-init job (metadata service crawler)...
[    8.551600] cloud-init[684]: Traceback (most recent call last):
[    8.552217] cloud-init[684]:   File "/usr/bin/cloud-init", line 6, in <module>
[    8.552745] cloud-init[684]:     from pkg_resources import load_entry_point
[    8.553259] cloud-init[684]:   File "/usr/lib/python3/dist-packages/pkg_resources/__init__.py", line 77, in <module>
[    8.553945] cloud-init[684]:     __import__('pkg_resources.extern.packaging.requirements')
[    8.554528] cloud-init[684]:   File "/usr/lib/python3/dist-packages/pkg_resources/_vendor/packaging/requirements.py", line 9, in <module>
[    8.555351] cloud-init[684]:     from pkg_resources.extern.pyparsing import stringStart, stringEnd, originalTextFor, ParseException
[    8.556156] cloud-init[684]:   File "<frozen importlib._bootstrap>", line 1027, in _find_and_load
[    8.556802] cloud-init[684]:   File "<frozen importlib._bootstrap>", line 1006, in _find_and_load_unlocked
[    8.557353] cloud-init[684]:   File "<frozen importlib._bootstrap>", line 672, in _load_unlocked
[[    8.572319] [0;1;31mFAILED[0mcloud-init] [684]: Failed to start Initial cloud-init job (metadata service crawler).  File "<frozen importlib._bootstrap>", line 632, in _load_backward_compatible

See 'systemctl status cloud-init.service' for details.
[    8.573356] cloud-init[684]:   File "/usr/lib/python3/dist-packages/pkg_resources/extern/__init__.py", line 43, in load_module
[[0;32m  OK  [0m] Reached target Cloud-config availability.
[    8.585623] cloud-init[684]:     __import__(extant)
[[0;32m  OK  [0m] Reached target System Initialization.
[    8.585993] cloud-init[684]:   File "/usr/lib/python3/dist-packages/pkg_resources/_vendor/pyparsing.py", line 943, in <module>
[[0;32m  OK  [0m] Started Daily Cleanup of Temporary Directories.
[    8.601558] cloud-init[684]:     collections.MutableMapping.register(ParseResults)
[    8.602482] cloud-init[684]: AttributeError: module 'collections' has no attribute 'MutableMapping'
[[0;32m  OK  [0m] Started ACPI Events Check.
[[0;32m  OK  [0m] Reached target Paths.
[[0;32m  OK  [0m] Started Message of the Day.
         Starting LXD - unix socket.
         Starting Socket activation for snappy daemon.
[[0;32m  OK  [0m] Listening on ACPID Listen Socket.
[[0;32m  OK  [0m] Listening on UUID daemon activation socket.
[[0;32m  OK  [0m] Listening on cloud-init hotplug hook socket.
[[0;32m  OK  [0m] Started Daily apt download activities.
[[0;32m  OK  [0m] Started Daily apt upgrade and clean activities.
[[0;32m  OK  [0m] Started Ubuntu Advantage Timer for running repeated jobs.
[[0;32m  OK  [0m] Listening on Open-iSCSI iscsid Socket.
[[0;32m  OK  [0m] Started Discard unused blocks once a week.
[[0;32m  OK  [0m] Reached target Timers.
[[0;32m  OK  [0m] Listening on D-Bus System Message Bus Socket.
[[0;32m  OK  [0m] Reached target Network is Online.
[[0;32m  OK  [0m] Reached target Remote File Systems (Pre).
         Mounting /vagrant...
         Starting Availability of block devices...
[[0;32m  OK  [0m] Listening on LXD - unix socket.
[[0;32m  OK  [0m] Listening on Socket activation for snappy daemon.
[[0;32m  OK  [0m] Reached target Sockets.
[[0;32m  OK  [0m] Reached target Basic System.
         Starting LSB: Record successful boot for GRUB...
[[0;32m  OK  [0m] Started D-Bus System Message Bus.
         Starting System Logging Service...
[[0;32m  OK  [0m] Reached target Login Prompts (Pre).
[[0;32m  OK  [0m] Started Deferred execution scheduler.
         Starting Login Service...
[[0;32m  OK  [0m] Started FUSE filesystem for LXC.
         Starting RabbitMQ Messaging Server...
         Starting Dispatcher daemon for systemd-networkd...
         Starting OpenBSD Secure Shell server...
         Starting Accounts Service...
[[0;32m  OK  [0m] Started Regular background program processing daemon.
         Starting Virtualbox guest utils...
[[0;32m  OK  [0m] Started irqbalance daemon.
         Starting Snap Daemon...
         Starting LXD - container startup/shutdown...
[[0;32m  OK  [0m] Mounted /vagrant.
[[0;32m  OK  [0m] Started Availability of block devices.
[[0;32m  OK  [0m] Reached target Remote File Systems.
         Starting LSB: automatic crash report generation...
         Starting Permit User Sessions...
[[0;32m  OK  [0m] Started System Logging Service.
[[0;32m  OK  [0m] Started Login Service.
[[0;32m  OK  [0m] Started Unattended Upgrades Shutdown.
[[0;32m  OK  [0m] Started Permit User Sessions.
         Starting Terminate Plymouth Boot Screen...
         Starting Hold until boot process finishes up...
[[0;32m  OK  [0m] Started Hold until boot process finishes up.
[[0;32m  OK  [0m] Started Serial Getty on ttyS0.
         Starting Set console scheme...
[[0;32m  OK  [0m] Started Terminate Plymouth Boot Screen.
[[0;32m  OK  [0m] Started Set console scheme.
[[0;32m  OK  [0m] Created slice system-getty.slice.
[[0;32m  OK  [0m] Started Getty on tty1.
[[0;32m  OK  [0m] Reached target Login Prompts.
         Starting Authorization Manager...
[[0;32m  OK  [0m] Started OpenBSD Secure Shell server.
[[0;32m  OK  [0m] Started LSB: Record successful boot for GRUB.
[[0;32m  OK  [0m] Started LSB: automatic crash report generation.
[[0;32m  OK  [0m] Started Virtualbox guest utils.
[[0;32m  OK  [0m] Started Authorization Manager.
[[0;32m  OK  [0m] Started Accounts Service.
[[0;1;31mFAILED[0m] Failed to start Dispatcher daemon for systemd-networkd.
See 'systemctl status networkd-dispatcher.service' for details.
[[0;32m  OK  [0m] Started LXD - container startup/shutdown.
[[0;32m  OK  [0m] Started Snap Daemon.
         Starting Wait until snapd is fully seeded...
         Starting Time & Date Service...
[[0;32m  OK  [0m] Started Time & Date Service.
[[0;32m  OK  [0m] Started Wait until snapd is fully seeded.
         Starting Apply the settings specified in cloud-config...
[    9.803306] cloud-init[1213]: Traceback (most recent call last):
[    9.809633] cloud-init[1213]:   File "/usr/bin/cloud-init", line 6, in <module>
[    9.810957] cloud-init[1213]:     from pkg_resources import load_entry_point
[    9.812295] cloud-init[1213]:   File "/usr/lib/python3/dist-packages/pkg_resources/__init__.py", line 77, in <module>
[    9.816134] cloud-init[1213]:     __import__('pkg_resources.extern.packaging.requirements')
[    9.816787] cloud-init[1213]:   File "/usr/lib/python3/dist-packages/pkg_resources/_vendor/packaging/requirements.py", line 9, in <module>
[    9.818072] cloud-init[1213]:     from pkg_resources.extern.pyparsing import stringStart, stringEnd, originalTextFor, ParseException
[    9.819228] cloud-init[1213]:   File "<frozen importlib._bootstrap>", line 1027, in _find_and_load
[    9.820234] cloud-init[1213]:   File "<frozen importlib._bootstrap>", line 1006, in _find_and_load_unlocked
[    9.821737] cloud-init[1213]:   File "<frozen importlib._bootstrap>", line 672, in _load_unlocked
[    9.823137] cloud-init[1213]:   File "<frozen importlib._bootstrap>", line 632, in _load_backward_compatible
[    9.824902] cloud-init[1213]:   File "/usr/lib/python3/dist-packages/pkg_resources/extern/__init__.py", line 43, in load_module
[    9.826511] cloud-init[1213]:     __import__(extant)
[    9.827490] cloud-init[1213]:   File "/usr/lib/python3/dist-packages/pkg_resources/_vendor/pyparsing.py", line 943, in <module>
[    9.829287] cloud-init[1213]:     collections.MutableMapping.register(ParseResults)
[    9.831020] cloud-init[1213]: AttributeError: module 'collections' has no attribute 'MutableMapping'
[[0;1;31mFAILED[0m] Failed to start Apply the settings specified in cloud-config.
See 'systemctl status cloud-config.service' for details.
[[0;32m  OK  [0m] Created slice User Slice of vagrant.
         Starting User Manager for UID 1000...
[[0;32m  OK  [0m] Started Session 1 of user vagrant.
[[0;32m  OK  [0m] Started User Manager for UID 1000.
[[0;32m  OK  [0m] Started RabbitMQ Messaging Server.
[[0;32m  OK  [0m] Reached target Multi-User System.
         Starting Execute cloud user/final scripts...
[[0;32m  OK  [0m] Reached target Graphical Interface.
         Starting Update UTMP about System Runlevel Changes...
[[0;32m  OK  [0m] Started Update UTMP about System Runlevel Changes.
[   13.769693] cloud-init[1515]: Traceback (most recent call last):
[   13.783870] cloud-init[1515]:   File "/usr/bin/cloud-init", line 6, in <module>
[   13.784797] cloud-init[1515]:     from pkg_resources import load_entry_point
[   13.785643] cloud-init[1515]:   File "/usr/lib/python3/dist-packages/pkg_resources/__init__.py", line 77, in <module>
[   13.786794] cloud-init[1515]:     __import__('pkg_resources.extern.packaging.requirements')
[   13.787694] cloud-init[1515]:   File "/usr/lib/python3/dist-packages/pkg_resources/_vendor/packaging/requirements.py", line 9, in <module>
[   13.789026] cloud-init[1515]:     from pkg_resources.extern.pyparsing import stringStart, stringEnd, originalTextFor, ParseException
[   13.790262] cloud-init[1515]:   File "<frozen importlib._bootstrap>", line 1027, in _find_and_load
[   13.791424] cloud-init[1515]:   File "<frozen importlib._bootstrap>", line 1006, in _find_and_load_unlocked
[   13.792480] cloud-init[1515]:   File "<frozen importlib._bootstrap>", line 672, in _load_unlocked
[   13.793661] cloud-init[1515]:   File "<frozen importlib._bootstrap>", line 632, in _load_backward_compatible
[   13.794747] cloud-init[1515]:   File "/usr/lib/python3/dist-packages/pkg_resources/extern/__init__.py", line 43, in load_module
[   13.796078] cloud-init[1515]:     __import__(extant)
[   13.796644] cloud-init[1515]:   File "/usr/lib/python3/dist-packages/pkg_resources/_vendor/pyparsing.py", line 943, in <module>
[   13.797808] cloud-init[1515]:     collections.MutableMapping.register(ParseResults)
[   13.798642] cloud-init[1515]: AttributeError: module 'collections' has no attribute 'MutableMapping'
[[0;1;31mFAILED[0m] Failed to start Execute cloud user/final scripts.
See 'systemctl status cloud-final.service' for details.
[[0;32m  OK  [0m] Reached target Cloud-init target.

Ubuntu 18.04.6 LTS master ttyS0

master login: 